<?xml version="1.0" encoding="UTF-8"?>
<testng-results ignored="0" total="3" passed="3" failed="0" skipped="0">
  <reporter-output>
  </reporter-output>
  <suite started-at="2022-12-03T11:50:50 IST" name="Suite" finished-at="2022-12-03T11:53:41 IST" duration-ms="171022">
    <groups>
    </groups>
    <test started-at="2022-12-03T11:50:50 IST" name="chromeTest" finished-at="2022-12-03T11:51:33 IST" duration-ms="42782">
      <class name="org.test.Challenge6">
        <test-method signature="tc1(java.lang.String)[pri:0, instance:org.test.Challenge6@78123e82]" started-at="2022-12-03T11:50:50 IST" name="tc1" finished-at="2022-12-03T11:51:33 IST" duration-ms="42702" status="PASS">
          <params>
            <param index="0">
              <value>
                <![CDATA[chromebrowser]]>
              </value>
            </param>
          </params>
          <reporter-output>
          </reporter-output>
        </test-method> <!-- tc1 -->
      </class> <!-- org.test.Challenge6 -->
    </test> <!-- chromeTest -->
    <test started-at="2022-12-03T11:50:50 IST" name="EdgeTest" finished-at="2022-12-03T11:51:37 IST" duration-ms="46698">
      <class name="org.test.Challenge6">
        <test-method signature="tc1(java.lang.String)[pri:0, instance:org.test.Challenge6@31fa1761]" started-at="2022-12-03T11:50:50 IST" name="tc1" finished-at="2022-12-03T11:51:37 IST" duration-ms="46631" status="PASS">
          <params>
            <param index="0">
              <value>
                <![CDATA[Edgebrowser]]>
              </value>
            </param>
          </params>
          <reporter-output>
          </reporter-output>
        </test-method> <!-- tc1 -->
      </class> <!-- org.test.Challenge6 -->
    </test> <!-- EdgeTest -->
    <test started-at="2022-12-03T11:50:50 IST" name="FirefoxTest" finished-at="2022-12-03T11:53:41 IST" duration-ms="171021">
      <class name="org.test.Challenge6">
        <test-method signature="tc1(java.lang.String)[pri:0, instance:org.test.Challenge6@316bcf94]" started-at="2022-12-03T11:50:50 IST" name="tc1" finished-at="2022-12-03T11:53:41 IST" duration-ms="170955" status="PASS">
          <params>
            <param index="0">
              <value>
                <![CDATA[Firefoxbrowser]]>
              </value>
            </param>
          </params>
          <reporter-output>
          </reporter-output>
        </test-method> <!-- tc1 -->
      </class> <!-- org.test.Challenge6 -->
    </test> <!-- FirefoxTest -->
  </suite> <!-- Suite -->
</testng-results>
